  arms_baseline_t00: forces present (solved or in flight), skipping
  solving arms_baseline_t20 ...
  solving arms_baseline_t40 ...
  solving body_baseline_t00 ...
  solving body_baseline_t20 ...
  done: arms_baseline_t40
  solving body_baseline_t40 ...
  done: arms_baseline_t20
  solving full_baseline_t00 ...
  done: body_baseline_t00
  solving full_baseline_t20 ...
  done: body_baseline_t20
  solving full_baseline_t40 ...
  done: body_baseline_t40
  solving full_contrast_t00 ...
  done: full_baseline_t00
  solving full_contrast_t20 ...
  done: full_baseline_t20
  solving full_contrast_t40 ...
  done: full_baseline_t40
  done: full_contrast_t00
  done: full_contrast_t20
  done: full_contrast_t40
report: /Users/alexisrondeau/Workshop/evolutionary-design/cfd/calibration.md
